<?xml version='1.0' encoding='UTF-8'?>
<testsuite hostname="DESKTOP-N3ROL9Q" name="async.AsyncSuite" tests="11" errors="0" failures="0" skipped="0" time="1.119" timestamp="2020-08-17T01:16:50">
                     <properties>
[...]
</properties>
                     <testcase classname="async.AsyncSuite" name="sequenceComputations should start the second computation after the first has completed (2pts)" time="0.674">
                                                 
                                               </testcase><testcase classname="async.AsyncSuite" name="transformSuccess should transform successful computations" time="0.016">
                                                 
                                               </testcase><testcase classname="async.AsyncSuite" name="transformSuccess should propagate the failure of a failed computation" time="0.001">
                                                 
                                               </testcase><testcase classname="async.AsyncSuite" name="futurize should handle successful computation results (3pts)" time="0.005">
                                                 
                                               </testcase><testcase classname="async.AsyncSuite" name="recoverFailure should recover from failed computations" time="0.004">
                                                 
                                               </testcase><testcase classname="async.AsyncSuite" name="insist should not retry successful computations (3pts)" time="0.007">
                                                 
                                               </testcase><testcase classname="async.AsyncSuite" name="futurize should handle failed computation results (3pts)" time="0.006">
                                                 
                                               </testcase><testcase classname="async.AsyncSuite" name="recoverFailure should propagate successful computations" time="0.001">
                                                 
                                               </testcase><testcase classname="async.AsyncSuite" name="sequenceComputations should not start the second computation if the first has failed (2pts)" time="0.002">
                                                 
                                               </testcase><testcase classname="async.AsyncSuite" name="insist should retry failed computations (3pts)" time="0.002">
                                                 
                                               </testcase><testcase classname="async.AsyncSuite" name="concurrentComputations should start both computations independently of each other’s completion (2pts)" time="0.401">
                                                 
                                               </testcase>
                     <system-out><![CDATA[]]></system-out>
                     <system-err><![CDATA[]]></system-err>
                   </testsuite>