<?xml version='1.0' encoding='UTF-8'?>
<testsuite hostname="DESKTOP-N3ROL9Q" name="kvstore.KVStoreSuite" tests="21" errors="0" failures="18" skipped="0" time="108.013" timestamp="2020-10-08T14:36:38">
                     <properties>
      <property name="jline.esc.timeout" value="0"/><property name="java.runtime.name" value="Java(TM) SE Runtime Environment"/><property name="sun.boot.library.path" value="C:\Program Files (x86)\Java\jdk1.8.0_261\jre\bin"/><property name="java.vm.version" value="25.261-b12"/><property name="java.vm.vendor" value="Oracle Corporation"/><property name="java.vendor.url" value="http://java.oracle.com/"/><property name="path.separator" value=";"/><property name="jna.loaded" value="true"/><property name="java.vm.name" value="Java HotSpot(TM) Client VM"/><property name="file.encoding.pkg" value="sun.io"/><property name="user.country" value="US"/><property name="user.script" value=""/><property name="sun.java.launcher" value="SUN_STANDARD"/><property name="sun.os.patch.level" value=""/><property name="jna.nosys" value="true"/><property name="java.vm.specification.name" value="Java Virtual Machine Specification"/><property name="user.dir" value="C:\Users\lao8n\OneDrive\Documents\epfl edx scala\actor_key_value_store"/><property name="java.runtime.version" value="1.8.0_261-b12"/><property name="java.awt.graphicsenv" value="sun.awt.Win32GraphicsEnvironment"/><property name="java.endorsed.dirs" value="C:\Program Files (x86)\Java\jdk1.8.0_261\jre\lib\endorsed"/><property name="os.arch" value="x86"/><property name="java.io.tmpdir" value="C:\Users\lao8n\AppData\Local\Temp\"/><property name="line.separator" value="
"/><property name="java.vm.specification.vendor" value="Oracle Corporation"/><property name="log4j.ignoreTCL" value="true"/><property name="user.variant" value=""/><property name="os.name" value="Windows 10"/><property name="sun.jnu.encoding" value="Cp1252"/><property name="jnidispatch.path" value="C:\Users\lao8n\AppData\Local\Temp\jna-102738512\jna599803610911435035.dll"/><property name="java.library.path" value="C:\Program Files (x86)\Java\jdk1.8.0_261\bin;C:\WINDOWS\Sun\Java\bin;C:\WINDOWS\system32;C:\WINDOWS;C:\Program Files (x86)\Java\jdk1.8.0_261\\bin;C:\Program Files (x86)\Common Files\Oracle\Java\javapath;C:\WINDOWS\system32;C:\WINDOWS;C:\WINDOWS\System32\Wbem;C:\WINDOWS\System32\WindowsPowerShell\v1.0\;C:\WINDOWS\System32\OpenSSH\;C:\Go\bin;C:\Program Files\Git\cmd;C:\Users\lao8n\OneDrive\Documents\apache-maven-3.6.3\bin;C:\Program Files (x86)\Java\jdk1.8.0_261\\bin;C:\Program Files (x86)\sbt\bin;C:\Program Files\Java\jdk-14.0.2\bin;C:\Users\lao8n\AppData\Local\Programs\Microsoft VS Code\bin;C:\Program Files (x86)\sbt\bin;C:\Program Files (x86)\Java\jdk1.8.0_261\bin;;."/><property name="java.specification.name" value="Java Platform API Specification"/><property name="java.class.version" value="52.0"/><property name="sun.management.compiler" value="HotSpot Client Compiler"/><property name="os.version" value="10.0"/><property name="swoval.tmpdir" value="C:\Users\lao8n\.sbt\1.0"/><property name="user.home" value="C:\Users\lao8n"/><property name="user.timezone" value="Europe/London"/><property name="java.awt.printerjob" value="sun.awt.windows.WPrinterJob"/><property name="file.encoding" value="UTF-8"/><property name="java.specification.version" value="1.8"/><property name="java.class.path" value="C:\Program Files (x86)\sbt\\bin\sbt-launch.jar"/><property name="user.name" value="lao8n"/><property name="jline.shutdownhook" value="false"/><property name="java.vm.specification.version" value="1.8"/><property name="sun.java.command" value="xsbt.boot.Boot test"/><property name="java.home" value="C:\Program Files (x86)\Java\jdk1.8.0_261\jre"/><property name="sun.arch.data.model" value="32"/><property name="user.language" value="en"/><property name="java.specification.vendor" value="Oracle Corporation"/><property name="awt.toolkit" value="sun.awt.windows.WToolkit"/><property name="java.vm.info" value="mixed mode"/><property name="java.version" value="1.8.0_261"/><property name="java.ext.dirs" value="C:\Program Files (x86)\Java\jdk1.8.0_261\jre\lib\ext;C:\WINDOWS\Sun\Java\lib\ext"/><property name="sun.boot.class.path" value="C:\Program Files (x86)\Java\jdk1.8.0_261\jre\lib\resources.jar;C:\Program Files (x86)\Java\jdk1.8.0_261\jre\lib\rt.jar;C:\Program Files (x86)\Java\jdk1.8.0_261\jre\lib\sunrsasign.jar;C:\Program Files (x86)\Java\jdk1.8.0_261\jre\lib\jsse.jar;C:\Program Files (x86)\Java\jdk1.8.0_261\jre\lib\jce.jar;C:\Program Files (x86)\Java\jdk1.8.0_261\jre\lib\charsets.jar;C:\Program Files (x86)\Java\jdk1.8.0_261\jre\lib\jfr.jar;C:\Program Files (x86)\Java\jdk1.8.0_261\jre\classes"/><property name="java.vendor" value="Oracle Corporation"/><property name="sun.stderr.encoding" value="cp850"/><property name="file.separator" value="\"/><property name="java.vendor.url.bug" value="http://bugreport.sun.com/bugreport/"/><property name="sun.io.unicode.encoding" value="UnicodeLittle"/><property name="sun.cpu.endian" value="little"/><property name="sun.stdout.encoding" value="cp850"/><property name="sun.desktop" value="windows"/><property name="sun.cpu.isalist" value="pentium_pro+mmx pentium_pro pentium+mmx pentium i486 i386 i86"/>
    </properties>
                     <testcase classname="kvstore.KVStoreSuite" name="Step3-case1: Replicator should send snapshots when asked to replicate" time="3.074">
                                                 <failure message="java.lang.AssertionError: assertion failed: timeout (3 seconds) during expectMsg while waiting for Snapshot(k1,Some(v1),0)" type="sbt.ForkMain$ForkError">sbt.ForkMain$ForkError: java.lang.AssertionError: assertion failed: timeout (3 seconds) during expectMsg while waiting for Snapshot(k1,Some(v1),0)
	at scala.Predef$.assert(Predef.scala:282)
	at akka.testkit.TestKitBase.expectMsg_internal(TestKit.scala:418)
	at akka.testkit.TestKitBase.expectMsg(TestKit.scala:395)
	at akka.testkit.TestKitBase.expectMsg$(TestKit.scala:395)
	at akka.testkit.TestKit.expectMsg(TestKit.scala:928)
	at kvstore.Tools.expectAtLeastOneSnapshot(Tools.scala:94)
	at kvstore.Tools.expectAtLeastOneSnapshot$(Tools.scala:93)
	at kvstore.KVStoreSuite.expectAtLeastOneSnapshot(KVStoreSuite.scala:5)
	at kvstore.Step3_ReplicatorSpec.Step3$minuscase1$colon$u0020Replicator$u0020should$u0020send$u0020snapshots$u0020when$u0020asked$u0020to$u0020replicate(Step3_ReplicatorSpec.scala:17)
	at kvstore.Step3_ReplicatorSpec.Step3$minuscase1$colon$u0020Replicator$u0020should$u0020send$u0020snapshots$u0020when$u0020asked$u0020to$u0020replicate$(Step3_ReplicatorSpec.scala:11)
	at kvstore.KVStoreSuite.Step3$minuscase1$colon$u0020Replicator$u0020should$u0020send$u0020snapshots$u0020when$u0020asked$u0020to$u0020replicate(KVStoreSuite.scala:5)
	at sun.reflect.NativeMethodAccessorImpl.invoke0(Native Method)
	at sun.reflect.NativeMethodAccessorImpl.invoke(NativeMethodAccessorImpl.java:62)
	at sun.reflect.DelegatingMethodAccessorImpl.invoke(DelegatingMethodAccessorImpl.java:43)
	at java.lang.reflect.Method.invoke(Method.java:498)
	at org.junit.runners.model.FrameworkMethod$1.runReflectiveCall(FrameworkMethod.java:47)
	at org.junit.internal.runners.model.ReflectiveCallable.run(ReflectiveCallable.java:12)
	at org.junit.runners.model.FrameworkMethod.invokeExplosively(FrameworkMethod.java:44)
	at org.junit.internal.runners.statements.InvokeMethod.evaluate(InvokeMethod.java:17)
	at org.junit.runners.ParentRunner.runLeaf(ParentRunner.java:271)
	at org.junit.runners.BlockJUnit4ClassRunner.runChild(BlockJUnit4ClassRunner.java:70)
	at org.junit.runners.BlockJUnit4ClassRunner.runChild(BlockJUnit4ClassRunner.java:50)
	at org.junit.runners.ParentRunner$3.run(ParentRunner.java:238)
	at org.junit.runners.ParentRunner$1.schedule(ParentRunner.java:63)
	at org.junit.runners.ParentRunner.runChildren(ParentRunner.java:236)
	at org.junit.runners.ParentRunner.access$000(ParentRunner.java:53)
	at org.junit.runners.ParentRunner$2.evaluate(ParentRunner.java:229)
	at org.junit.runners.ParentRunner.run(ParentRunner.java:309)
	at org.junit.runners.Suite.runChild(Suite.java:127)
	at org.junit.runners.Suite.runChild(Suite.java:26)
	at org.junit.runners.ParentRunner$3.run(ParentRunner.java:238)
	at org.junit.runners.ParentRunner$1.schedule(ParentRunner.java:63)
	at org.junit.runners.ParentRunner.runChildren(ParentRunner.java:236)
	at org.junit.runners.ParentRunner.access$000(ParentRunner.java:53)
	at org.junit.runners.ParentRunner$2.evaluate(ParentRunner.java:229)
	at org.junit.runners.ParentRunner.run(ParentRunner.java:309)
	at org.junit.runner.JUnitCore.run(JUnitCore.java:160)
	at org.junit.runner.JUnitCore.run(JUnitCore.java:138)
	at com.novocode.junit.JUnitRunner$1.execute(JUnitRunner.java:132)
	at sbt.ForkMain$Run.lambda$runTest$1(ForkMain.java:304)
	at java.util.concurrent.FutureTask.run(FutureTask.java:266)
	at java.util.concurrent.ThreadPoolExecutor.runWorker(ThreadPoolExecutor.java:1149)
	at java.util.concurrent.ThreadPoolExecutor$Worker.run(ThreadPoolExecutor.java:624)
	at java.lang.Thread.run(Thread.java:748)
</failure>
                                               </testcase><testcase classname="kvstore.KVStoreSuite" name="Step1-case1: Primary (in isolation) should properly register itself to the provided Arbiter" time="0.027">
                                                 
                                               </testcase><testcase classname="kvstore.KVStoreSuite" name="Step1-case2: Primary (in isolation) should react properly to Insert, Remove, Get" time="0.035">
                                                 
                                               </testcase><testcase classname="kvstore.KVStoreSuite" name="Step4-case2: Secondary should retry persistence in every 100 milliseconds" time="10.05">
                                                 <failure message="java.lang.AssertionError: assertion failed: timeout (10 seconds) during expectMsgClass waiting for class kvstore.Replica$GetResult" type="sbt.ForkMain$ForkError">sbt.ForkMain$ForkError: java.lang.AssertionError: assertion failed: timeout (10 seconds) during expectMsgClass waiting for class kvstore.Replica$GetResult
	at scala.Predef$.assert(Predef.scala:282)
	at akka.testkit.TestKitBase.expectMsgClass_internal(TestKit.scala:528)
	at akka.testkit.TestKitBase.expectMsgType(TestKit.scala:510)
	at akka.testkit.TestKitBase.expectMsgType$(TestKit.scala:509)
	at akka.testkit.TestKit.expectMsgType(TestKit.scala:928)
	at kvstore.Tools$Session.get(Tools.scala:78)
	at kvstore.Step4_SecondaryPersistenceSpec.Step4$minuscase2$colon$u0020Secondary$u0020should$u0020retry$u0020persistence$u0020in$u0020every$u0020100$u0020milliseconds(Step4_SecondaryPersistenceSpec.scala:53)
	at kvstore.Step4_SecondaryPersistenceSpec.Step4$minuscase2$colon$u0020Secondary$u0020should$u0020retry$u0020persistence$u0020in$u0020every$u0020100$u0020milliseconds$(Step4_SecondaryPersistenceSpec.scala:41)
	at kvstore.KVStoreSuite.Step4$minuscase2$colon$u0020Secondary$u0020should$u0020retry$u0020persistence$u0020in$u0020every$u0020100$u0020milliseconds(KVStoreSuite.scala:5)
	at sun.reflect.NativeMethodAccessorImpl.invoke0(Native Method)
	at sun.reflect.NativeMethodAccessorImpl.invoke(NativeMethodAccessorImpl.java:62)
	at sun.reflect.DelegatingMethodAccessorImpl.invoke(DelegatingMethodAccessorImpl.java:43)
	at java.lang.reflect.Method.invoke(Method.java:498)
	at org.junit.runners.model.FrameworkMethod$1.runReflectiveCall(FrameworkMethod.java:47)
	at org.junit.internal.runners.model.ReflectiveCallable.run(ReflectiveCallable.java:12)
	at org.junit.runners.model.FrameworkMethod.invokeExplosively(FrameworkMethod.java:44)
	at org.junit.internal.runners.statements.InvokeMethod.evaluate(InvokeMethod.java:17)
	at org.junit.runners.ParentRunner.runLeaf(ParentRunner.java:271)
	at org.junit.runners.BlockJUnit4ClassRunner.runChild(BlockJUnit4ClassRunner.java:70)
	at org.junit.runners.BlockJUnit4ClassRunner.runChild(BlockJUnit4ClassRunner.java:50)
	at org.junit.runners.ParentRunner$3.run(ParentRunner.java:238)
	at org.junit.runners.ParentRunner$1.schedule(ParentRunner.java:63)
	at org.junit.runners.ParentRunner.runChildren(ParentRunner.java:236)
	at org.junit.runners.ParentRunner.access$000(ParentRunner.java:53)
	at org.junit.runners.ParentRunner$2.evaluate(ParentRunner.java:229)
	at org.junit.runners.ParentRunner.run(ParentRunner.java:309)
	at org.junit.runners.Suite.runChild(Suite.java:127)
	at org.junit.runners.Suite.runChild(Suite.java:26)
	at org.junit.runners.ParentRunner$3.run(ParentRunner.java:238)
	at org.junit.runners.ParentRunner$1.schedule(ParentRunner.java:63)
	at org.junit.runners.ParentRunner.runChildren(ParentRunner.java:236)
	at org.junit.runners.ParentRunner.access$000(ParentRunner.java:53)
	at org.junit.runners.ParentRunner$2.evaluate(ParentRunner.java:229)
	at org.junit.runners.ParentRunner.run(ParentRunner.java:309)
	at org.junit.runner.JUnitCore.run(JUnitCore.java:160)
	at org.junit.runner.JUnitCore.run(JUnitCore.java:138)
	at com.novocode.junit.JUnitRunner$1.execute(JUnitRunner.java:132)
	at sbt.ForkMain$Run.lambda$runTest$1(ForkMain.java:304)
	at java.util.concurrent.FutureTask.run(FutureTask.java:266)
	at java.util.concurrent.ThreadPoolExecutor.runWorker(ThreadPoolExecutor.java:1149)
	at java.util.concurrent.ThreadPoolExecutor$Worker.run(ThreadPoolExecutor.java:624)
	at java.lang.Thread.run(Thread.java:748)
</failure>
                                               </testcase><testcase classname="kvstore.KVStoreSuite" name="Step5-case2: Primary retries persistence every 100 milliseconds" time="3.041">
                                                 <failure message="java.lang.AssertionError: assertion failed: timeout (3 seconds) during expectMsg: " type="sbt.ForkMain$ForkError">sbt.ForkMain$ForkError: java.lang.AssertionError: assertion failed: timeout (3 seconds) during expectMsg: 
	at scala.Predef$.assert(Predef.scala:282)
	at akka.testkit.TestKitBase.expectMsgPF(TestKit.scala:436)
	at akka.testkit.TestKitBase.expectMsgPF$(TestKit.scala:433)
	at akka.testkit.TestKit.expectMsgPF(TestKit.scala:928)
	at kvstore.Step5_PrimaryPersistenceSpec.Step5$minuscase2$colon$u0020Primary$u0020retries$u0020persistence$u0020every$u0020100$u0020milliseconds(Step5_PrimaryPersistenceSpec.scala:41)
	at kvstore.Step5_PrimaryPersistenceSpec.Step5$minuscase2$colon$u0020Primary$u0020retries$u0020persistence$u0020every$u0020100$u0020milliseconds$(Step5_PrimaryPersistenceSpec.scala:31)
	at kvstore.KVStoreSuite.Step5$minuscase2$colon$u0020Primary$u0020retries$u0020persistence$u0020every$u0020100$u0020milliseconds(KVStoreSuite.scala:5)
	at sun.reflect.NativeMethodAccessorImpl.invoke0(Native Method)
	at sun.reflect.NativeMethodAccessorImpl.invoke(NativeMethodAccessorImpl.java:62)
	at sun.reflect.DelegatingMethodAccessorImpl.invoke(DelegatingMethodAccessorImpl.java:43)
	at java.lang.reflect.Method.invoke(Method.java:498)
	at org.junit.runners.model.FrameworkMethod$1.runReflectiveCall(FrameworkMethod.java:47)
	at org.junit.internal.runners.model.ReflectiveCallable.run(ReflectiveCallable.java:12)
	at org.junit.runners.model.FrameworkMethod.invokeExplosively(FrameworkMethod.java:44)
	at org.junit.internal.runners.statements.InvokeMethod.evaluate(InvokeMethod.java:17)
	at org.junit.runners.ParentRunner.runLeaf(ParentRunner.java:271)
	at org.junit.runners.BlockJUnit4ClassRunner.runChild(BlockJUnit4ClassRunner.java:70)
	at org.junit.runners.BlockJUnit4ClassRunner.runChild(BlockJUnit4ClassRunner.java:50)
	at org.junit.runners.ParentRunner$3.run(ParentRunner.java:238)
	at org.junit.runners.ParentRunner$1.schedule(ParentRunner.java:63)
	at org.junit.runners.ParentRunner.runChildren(ParentRunner.java:236)
	at org.junit.runners.ParentRunner.access$000(ParentRunner.java:53)
	at org.junit.runners.ParentRunner$2.evaluate(ParentRunner.java:229)
	at org.junit.runners.ParentRunner.run(ParentRunner.java:309)
	at org.junit.runners.Suite.runChild(Suite.java:127)
	at org.junit.runners.Suite.runChild(Suite.java:26)
	at org.junit.runners.ParentRunner$3.run(ParentRunner.java:238)
	at org.junit.runners.ParentRunner$1.schedule(ParentRunner.java:63)
	at org.junit.runners.ParentRunner.runChildren(ParentRunner.java:236)
	at org.junit.runners.ParentRunner.access$000(ParentRunner.java:53)
	at org.junit.runners.ParentRunner$2.evaluate(ParentRunner.java:229)
	at org.junit.runners.ParentRunner.run(ParentRunner.java:309)
	at org.junit.runner.JUnitCore.run(JUnitCore.java:160)
	at org.junit.runner.JUnitCore.run(JUnitCore.java:138)
	at com.novocode.junit.JUnitRunner$1.execute(JUnitRunner.java:132)
	at sbt.ForkMain$Run.lambda$runTest$1(ForkMain.java:304)
	at java.util.concurrent.FutureTask.run(FutureTask.java:266)
	at java.util.concurrent.ThreadPoolExecutor.runWorker(ThreadPoolExecutor.java:1149)
	at java.util.concurrent.ThreadPoolExecutor$Worker.run(ThreadPoolExecutor.java:624)
	at java.lang.Thread.run(Thread.java:748)
</failure>
                                               </testcase><testcase classname="kvstore.KVStoreSuite" name="Step5-case5: Primary acknowledges only after persistence and global acknowledgement" time="3.049">
                                                 <failure message="java.lang.AssertionError: assertion failed: timeout (3 seconds) during expectMsgClass waiting for class kvstore.Replicator$Snapshot" type="sbt.ForkMain$ForkError">sbt.ForkMain$ForkError: java.lang.AssertionError: assertion failed: timeout (3 seconds) during expectMsgClass waiting for class kvstore.Replicator$Snapshot
	at scala.Predef$.assert(Predef.scala:282)
	at akka.testkit.TestKitBase.expectMsgClass_internal(TestKit.scala:528)
	at akka.testkit.TestKitBase.expectMsgType(TestKit.scala:500)
	at akka.testkit.TestKitBase.expectMsgType$(TestKit.scala:499)
	at akka.testkit.TestKit.expectMsgType(TestKit.scala:928)
	at kvstore.Step5_PrimaryPersistenceSpec.Step5$minuscase5$colon$u0020Primary$u0020acknowledges$u0020only$u0020after$u0020persistence$u0020and$u0020global$u0020acknowledgement(Step5_PrimaryPersistenceSpec.scala:96)
	at kvstore.Step5_PrimaryPersistenceSpec.Step5$minuscase5$colon$u0020Primary$u0020acknowledges$u0020only$u0020after$u0020persistence$u0020and$u0020global$u0020acknowledgement$(Step5_PrimaryPersistenceSpec.scala:85)
	at kvstore.KVStoreSuite.Step5$minuscase5$colon$u0020Primary$u0020acknowledges$u0020only$u0020after$u0020persistence$u0020and$u0020global$u0020acknowledgement(KVStoreSuite.scala:5)
	at sun.reflect.NativeMethodAccessorImpl.invoke0(Native Method)
	at sun.reflect.NativeMethodAccessorImpl.invoke(NativeMethodAccessorImpl.java:62)
	at sun.reflect.DelegatingMethodAccessorImpl.invoke(DelegatingMethodAccessorImpl.java:43)
	at java.lang.reflect.Method.invoke(Method.java:498)
	at org.junit.runners.model.FrameworkMethod$1.runReflectiveCall(FrameworkMethod.java:47)
	at org.junit.internal.runners.model.ReflectiveCallable.run(ReflectiveCallable.java:12)
	at org.junit.runners.model.FrameworkMethod.invokeExplosively(FrameworkMethod.java:44)
	at org.junit.internal.runners.statements.InvokeMethod.evaluate(InvokeMethod.java:17)
	at org.junit.runners.ParentRunner.runLeaf(ParentRunner.java:271)
	at org.junit.runners.BlockJUnit4ClassRunner.runChild(BlockJUnit4ClassRunner.java:70)
	at org.junit.runners.BlockJUnit4ClassRunner.runChild(BlockJUnit4ClassRunner.java:50)
	at org.junit.runners.ParentRunner$3.run(ParentRunner.java:238)
	at org.junit.runners.ParentRunner$1.schedule(ParentRunner.java:63)
	at org.junit.runners.ParentRunner.runChildren(ParentRunner.java:236)
	at org.junit.runners.ParentRunner.access$000(ParentRunner.java:53)
	at org.junit.runners.ParentRunner$2.evaluate(ParentRunner.java:229)
	at org.junit.runners.ParentRunner.run(ParentRunner.java:309)
	at org.junit.runners.Suite.runChild(Suite.java:127)
	at org.junit.runners.Suite.runChild(Suite.java:26)
	at org.junit.runners.ParentRunner$3.run(ParentRunner.java:238)
	at org.junit.runners.ParentRunner$1.schedule(ParentRunner.java:63)
	at org.junit.runners.ParentRunner.runChildren(ParentRunner.java:236)
	at org.junit.runners.ParentRunner.access$000(ParentRunner.java:53)
	at org.junit.runners.ParentRunner$2.evaluate(ParentRunner.java:229)
	at org.junit.runners.ParentRunner.run(ParentRunner.java:309)
	at org.junit.runner.JUnitCore.run(JUnitCore.java:160)
	at org.junit.runner.JUnitCore.run(JUnitCore.java:138)
	at com.novocode.junit.JUnitRunner$1.execute(JUnitRunner.java:132)
	at sbt.ForkMain$Run.lambda$runTest$1(ForkMain.java:304)
	at java.util.concurrent.FutureTask.run(FutureTask.java:266)
	at java.util.concurrent.ThreadPoolExecutor.runWorker(ThreadPoolExecutor.java:1149)
	at java.util.concurrent.ThreadPoolExecutor$Worker.run(ThreadPoolExecutor.java:624)
	at java.lang.Thread.run(Thread.java:748)
</failure>
                                               </testcase><testcase classname="kvstore.KVStoreSuite" name="Step4-case1: Secondary should not acknowledge snapshots until persisted" time="10.048">
                                                 <failure message="java.lang.AssertionError: assertion failed: timeout (10 seconds) during expectMsgClass waiting for class kvstore.Replica$GetResult" type="sbt.ForkMain$ForkError">sbt.ForkMain$ForkError: java.lang.AssertionError: assertion failed: timeout (10 seconds) during expectMsgClass waiting for class kvstore.Replica$GetResult
	at scala.Predef$.assert(Predef.scala:282)
	at akka.testkit.TestKitBase.expectMsgClass_internal(TestKit.scala:528)
	at akka.testkit.TestKitBase.expectMsgType(TestKit.scala:510)
	at akka.testkit.TestKitBase.expectMsgType$(TestKit.scala:509)
	at akka.testkit.TestKit.expectMsgType(TestKit.scala:928)
	at kvstore.Tools$Session.get(Tools.scala:78)
	at kvstore.Step4_SecondaryPersistenceSpec.Step4$minuscase1$colon$u0020Secondary$u0020should$u0020not$u0020acknowledge$u0020snapshots$u0020until$u0020persisted(Step4_SecondaryPersistenceSpec.scala:25)
	at kvstore.Step4_SecondaryPersistenceSpec.Step4$minuscase1$colon$u0020Secondary$u0020should$u0020not$u0020acknowledge$u0020snapshots$u0020until$u0020persisted$(Step4_SecondaryPersistenceSpec.scala:13)
	at kvstore.KVStoreSuite.Step4$minuscase1$colon$u0020Secondary$u0020should$u0020not$u0020acknowledge$u0020snapshots$u0020until$u0020persisted(KVStoreSuite.scala:5)
	at sun.reflect.NativeMethodAccessorImpl.invoke0(Native Method)
	at sun.reflect.NativeMethodAccessorImpl.invoke(NativeMethodAccessorImpl.java:62)
	at sun.reflect.DelegatingMethodAccessorImpl.invoke(DelegatingMethodAccessorImpl.java:43)
	at java.lang.reflect.Method.invoke(Method.java:498)
	at org.junit.runners.model.FrameworkMethod$1.runReflectiveCall(FrameworkMethod.java:47)
	at org.junit.internal.runners.model.ReflectiveCallable.run(ReflectiveCallable.java:12)
	at org.junit.runners.model.FrameworkMethod.invokeExplosively(FrameworkMethod.java:44)
	at org.junit.internal.runners.statements.InvokeMethod.evaluate(InvokeMethod.java:17)
	at org.junit.runners.ParentRunner.runLeaf(ParentRunner.java:271)
	at org.junit.runners.BlockJUnit4ClassRunner.runChild(BlockJUnit4ClassRunner.java:70)
	at org.junit.runners.BlockJUnit4ClassRunner.runChild(BlockJUnit4ClassRunner.java:50)
	at org.junit.runners.ParentRunner$3.run(ParentRunner.java:238)
	at org.junit.runners.ParentRunner$1.schedule(ParentRunner.java:63)
	at org.junit.runners.ParentRunner.runChildren(ParentRunner.java:236)
	at org.junit.runners.ParentRunner.access$000(ParentRunner.java:53)
	at org.junit.runners.ParentRunner$2.evaluate(ParentRunner.java:229)
	at org.junit.runners.ParentRunner.run(ParentRunner.java:309)
	at org.junit.runners.Suite.runChild(Suite.java:127)
	at org.junit.runners.Suite.runChild(Suite.java:26)
	at org.junit.runners.ParentRunner$3.run(ParentRunner.java:238)
	at org.junit.runners.ParentRunner$1.schedule(ParentRunner.java:63)
	at org.junit.runners.ParentRunner.runChildren(ParentRunner.java:236)
	at org.junit.runners.ParentRunner.access$000(ParentRunner.java:53)
	at org.junit.runners.ParentRunner$2.evaluate(ParentRunner.java:229)
	at org.junit.runners.ParentRunner.run(ParentRunner.java:309)
	at org.junit.runner.JUnitCore.run(JUnitCore.java:160)
	at org.junit.runner.JUnitCore.run(JUnitCore.java:138)
	at com.novocode.junit.JUnitRunner$1.execute(JUnitRunner.java:132)
	at sbt.ForkMain$Run.lambda$runTest$1(ForkMain.java:304)
	at java.util.concurrent.FutureTask.run(FutureTask.java:266)
	at java.util.concurrent.ThreadPoolExecutor.runWorker(ThreadPoolExecutor.java:1149)
	at java.util.concurrent.ThreadPoolExecutor$Worker.run(ThreadPoolExecutor.java:624)
	at java.lang.Thread.run(Thread.java:748)
</failure>
                                               </testcase><testcase classname="kvstore.KVStoreSuite" name="Step6-case3: Primary must stop replication to removed replicas and waive their outstanding acknowledgements" time="3.037">
                                                 <failure message="java.lang.AssertionError: assertion failed: timeout (3 seconds) during expectMsg while waiting for Snapshot(k1,Some(v1),0)" type="sbt.ForkMain$ForkError">sbt.ForkMain$ForkError: java.lang.AssertionError: assertion failed: timeout (3 seconds) during expectMsg while waiting for Snapshot(k1,Some(v1),0)
	at scala.Predef$.assert(Predef.scala:282)
	at akka.testkit.TestKitBase.expectMsg_internal(TestKit.scala:418)
	at akka.testkit.TestKitBase.expectMsg(TestKit.scala:395)
	at akka.testkit.TestKitBase.expectMsg$(TestKit.scala:395)
	at akka.testkit.TestKit.expectMsg(TestKit.scala:928)
	at kvstore.Step6_NewSecondarySpec.Step6$minuscase3$colon$u0020Primary$u0020must$u0020stop$u0020replication$u0020to$u0020removed$u0020replicas$u0020and$u0020waive$u0020their$u0020outstanding$u0020acknowledgements(Step6_NewSecondarySpec.scala:67)
	at kvstore.Step6_NewSecondarySpec.Step6$minuscase3$colon$u0020Primary$u0020must$u0020stop$u0020replication$u0020to$u0020removed$u0020replicas$u0020and$u0020waive$u0020their$u0020outstanding$u0020acknowledgements$(Step6_NewSecondarySpec.scala:56)
	at kvstore.KVStoreSuite.Step6$minuscase3$colon$u0020Primary$u0020must$u0020stop$u0020replication$u0020to$u0020removed$u0020replicas$u0020and$u0020waive$u0020their$u0020outstanding$u0020acknowledgements(KVStoreSuite.scala:5)
	at sun.reflect.NativeMethodAccessorImpl.invoke0(Native Method)
	at sun.reflect.NativeMethodAccessorImpl.invoke(NativeMethodAccessorImpl.java:62)
	at sun.reflect.DelegatingMethodAccessorImpl.invoke(DelegatingMethodAccessorImpl.java:43)
	at java.lang.reflect.Method.invoke(Method.java:498)
	at org.junit.runners.model.FrameworkMethod$1.runReflectiveCall(FrameworkMethod.java:47)
	at org.junit.internal.runners.model.ReflectiveCallable.run(ReflectiveCallable.java:12)
	at org.junit.runners.model.FrameworkMethod.invokeExplosively(FrameworkMethod.java:44)
	at org.junit.internal.runners.statements.InvokeMethod.evaluate(InvokeMethod.java:17)
	at org.junit.runners.ParentRunner.runLeaf(ParentRunner.java:271)
	at org.junit.runners.BlockJUnit4ClassRunner.runChild(BlockJUnit4ClassRunner.java:70)
	at org.junit.runners.BlockJUnit4ClassRunner.runChild(BlockJUnit4ClassRunner.java:50)
	at org.junit.runners.ParentRunner$3.run(ParentRunner.java:238)
	at org.junit.runners.ParentRunner$1.schedule(ParentRunner.java:63)
	at org.junit.runners.ParentRunner.runChildren(ParentRunner.java:236)
	at org.junit.runners.ParentRunner.access$000(ParentRunner.java:53)
	at org.junit.runners.ParentRunner$2.evaluate(ParentRunner.java:229)
	at org.junit.runners.ParentRunner.run(ParentRunner.java:309)
	at org.junit.runners.Suite.runChild(Suite.java:127)
	at org.junit.runners.Suite.runChild(Suite.java:26)
	at org.junit.runners.ParentRunner$3.run(ParentRunner.java:238)
	at org.junit.runners.ParentRunner$1.schedule(ParentRunner.java:63)
	at org.junit.runners.ParentRunner.runChildren(ParentRunner.java:236)
	at org.junit.runners.ParentRunner.access$000(ParentRunner.java:53)
	at org.junit.runners.ParentRunner$2.evaluate(ParentRunner.java:229)
	at org.junit.runners.ParentRunner.run(ParentRunner.java:309)
	at org.junit.runner.JUnitCore.run(JUnitCore.java:160)
	at org.junit.runner.JUnitCore.run(JUnitCore.java:138)
	at com.novocode.junit.JUnitRunner$1.execute(JUnitRunner.java:132)
	at sbt.ForkMain$Run.lambda$runTest$1(ForkMain.java:304)
	at java.util.concurrent.FutureTask.run(FutureTask.java:266)
	at java.util.concurrent.ThreadPoolExecutor.runWorker(ThreadPoolExecutor.java:1149)
	at java.util.concurrent.ThreadPoolExecutor$Worker.run(ThreadPoolExecutor.java:624)
	at java.lang.Thread.run(Thread.java:748)
</failure>
                                               </testcase><testcase classname="kvstore.KVStoreSuite" name="Integration-case3: Primary and secondaries must work in concert when both persistence and communication to secondaries are unreliable (35 pts)" time="10.044">
                                                 <failure message="java.lang.AssertionError: assertion failed: timeout (10 seconds) during expectMsgClass waiting for class kvstore.Replica$GetResult" type="sbt.ForkMain$ForkError">sbt.ForkMain$ForkError: java.lang.AssertionError: assertion failed: timeout (10 seconds) during expectMsgClass waiting for class kvstore.Replica$GetResult
	at scala.Predef$.assert(Predef.scala:282)
	at akka.testkit.TestKitBase.expectMsgClass_internal(TestKit.scala:528)
	at akka.testkit.TestKitBase.expectMsgType(TestKit.scala:510)
	at akka.testkit.TestKitBase.expectMsgType$(TestKit.scala:509)
	at akka.testkit.TestKit.expectMsgType(TestKit.scala:928)
	at kvstore.Tools$Session.get(Tools.scala:78)
	at kvstore.IntegrationSpec.$anonfun$integrate$1(IntegrationSpec.scala:49)
	at scala.runtime.java8.JFunction0$mcV$sp.apply(JFunction0$mcV$sp.scala:18)
	at akka.testkit.TestKitBase.poll$2(TestKit.scala:327)
	at akka.testkit.TestKitBase.awaitAssert(TestKit.scala:344)
	at akka.testkit.TestKitBase.awaitAssert$(TestKit.scala:316)
	at akka.testkit.TestKit.awaitAssert(TestKit.scala:928)
	at kvstore.IntegrationSpec.integrate(IntegrationSpec.scala:48)
	at kvstore.IntegrationSpec.integrate$(IntegrationSpec.scala:27)
	at kvstore.KVStoreSuite.integrate(KVStoreSuite.scala:5)
	at kvstore.IntegrationSpec.Integration$minuscase3$colon$u0020Primary$u0020and$u0020secondaries$u0020must$u0020work$u0020in$u0020concert$u0020when$u0020both$u0020persistence$u0020and$u0020communication$u0020to$u0020secondaries$u0020are$u0020unreliable$u0020$u002835$u0020pts$u0029(IntegrationSpec.scala:24)
	at kvstore.IntegrationSpec.Integration$minuscase3$colon$u0020Primary$u0020and$u0020secondaries$u0020must$u0020work$u0020in$u0020concert$u0020when$u0020both$u0020persistence$u0020and$u0020communication$u0020to$u0020secondaries$u0020are$u0020unreliable$u0020$u002835$u0020pts$u0029$(IntegrationSpec.scala:23)
	at kvstore.KVStoreSuite.Integration$minuscase3$colon$u0020Primary$u0020and$u0020secondaries$u0020must$u0020work$u0020in$u0020concert$u0020when$u0020both$u0020persistence$u0020and$u0020communication$u0020to$u0020secondaries$u0020are$u0020unreliable$u0020$u002835$u0020pts$u0029(KVStoreSuite.scala:5)
	at sun.reflect.NativeMethodAccessorImpl.invoke0(Native Method)
	at sun.reflect.NativeMethodAccessorImpl.invoke(NativeMethodAccessorImpl.java:62)
	at sun.reflect.DelegatingMethodAccessorImpl.invoke(DelegatingMethodAccessorImpl.java:43)
	at java.lang.reflect.Method.invoke(Method.java:498)
	at org.junit.runners.model.FrameworkMethod$1.runReflectiveCall(FrameworkMethod.java:47)
	at org.junit.internal.runners.model.ReflectiveCallable.run(ReflectiveCallable.java:12)
	at org.junit.runners.model.FrameworkMethod.invokeExplosively(FrameworkMethod.java:44)
	at org.junit.internal.runners.statements.InvokeMethod.evaluate(InvokeMethod.java:17)
	at org.junit.runners.ParentRunner.runLeaf(ParentRunner.java:271)
	at org.junit.runners.BlockJUnit4ClassRunner.runChild(BlockJUnit4ClassRunner.java:70)
	at org.junit.runners.BlockJUnit4ClassRunner.runChild(BlockJUnit4ClassRunner.java:50)
	at org.junit.runners.ParentRunner$3.run(ParentRunner.java:238)
	at org.junit.runners.ParentRunner$1.schedule(ParentRunner.java:63)
	at org.junit.runners.ParentRunner.runChildren(ParentRunner.java:236)
	at org.junit.runners.ParentRunner.access$000(ParentRunner.java:53)
	at org.junit.runners.ParentRunner$2.evaluate(ParentRunner.java:229)
	at org.junit.runners.ParentRunner.run(ParentRunner.java:309)
	at org.junit.runners.Suite.runChild(Suite.java:127)
	at org.junit.runners.Suite.runChild(Suite.java:26)
	at org.junit.runners.ParentRunner$3.run(ParentRunner.java:238)
	at org.junit.runners.ParentRunner$1.schedule(ParentRunner.java:63)
	at org.junit.runners.ParentRunner.runChildren(ParentRunner.java:236)
	at org.junit.runners.ParentRunner.access$000(ParentRunner.java:53)
	at org.junit.runners.ParentRunner$2.evaluate(ParentRunner.java:229)
	at org.junit.runners.ParentRunner.run(ParentRunner.java:309)
	at org.junit.runner.JUnitCore.run(JUnitCore.java:160)
	at org.junit.runner.JUnitCore.run(JUnitCore.java:138)
	at com.novocode.junit.JUnitRunner$1.execute(JUnitRunner.java:132)
	at sbt.ForkMain$Run.lambda$runTest$1(ForkMain.java:304)
	at java.util.concurrent.FutureTask.run(FutureTask.java:266)
	at java.util.concurrent.ThreadPoolExecutor.runWorker(ThreadPoolExecutor.java:1149)
	at java.util.concurrent.ThreadPoolExecutor$Worker.run(ThreadPoolExecutor.java:624)
	at java.lang.Thread.run(Thread.java:748)
</failure>
                                               </testcase><testcase classname="kvstore.KVStoreSuite" name="Step2-case1: Secondary (in isolation) should properly register itself to the provided Arbiter" time="0.013">
                                                 
                                               </testcase><testcase classname="kvstore.KVStoreSuite" name="Step2-case4: Secondary should drop snapshots with future sequence numbers" time="10.034">
                                                 <failure message="java.lang.AssertionError: assertion failed: timeout (10 seconds) during expectMsgClass waiting for class kvstore.Replica$GetResult" type="sbt.ForkMain$ForkError">sbt.ForkMain$ForkError: java.lang.AssertionError: assertion failed: timeout (10 seconds) during expectMsgClass waiting for class kvstore.Replica$GetResult
	at scala.Predef$.assert(Predef.scala:282)
	at akka.testkit.TestKitBase.expectMsgClass_internal(TestKit.scala:528)
	at akka.testkit.TestKitBase.expectMsgType(TestKit.scala:510)
	at akka.testkit.TestKitBase.expectMsgType$(TestKit.scala:509)
	at akka.testkit.TestKit.expectMsgType(TestKit.scala:928)
	at kvstore.Tools$Session.get(Tools.scala:78)
	at kvstore.Step2_SecondarySpec.Step2$minuscase4$colon$u0020Secondary$u0020should$u0020drop$u0020snapshots$u0020with$u0020future$u0020sequence$u0020numbers(Step2_SecondarySpec.scala:90)
	at kvstore.Step2_SecondarySpec.Step2$minuscase4$colon$u0020Secondary$u0020should$u0020drop$u0020snapshots$u0020with$u0020future$u0020sequence$u0020numbers$(Step2_SecondarySpec.scala:79)
	at kvstore.KVStoreSuite.Step2$minuscase4$colon$u0020Secondary$u0020should$u0020drop$u0020snapshots$u0020with$u0020future$u0020sequence$u0020numbers(KVStoreSuite.scala:5)
	at sun.reflect.NativeMethodAccessorImpl.invoke0(Native Method)
	at sun.reflect.NativeMethodAccessorImpl.invoke(NativeMethodAccessorImpl.java:62)
	at sun.reflect.DelegatingMethodAccessorImpl.invoke(DelegatingMethodAccessorImpl.java:43)
	at java.lang.reflect.Method.invoke(Method.java:498)
	at org.junit.runners.model.FrameworkMethod$1.runReflectiveCall(FrameworkMethod.java:47)
	at org.junit.internal.runners.model.ReflectiveCallable.run(ReflectiveCallable.java:12)
	at org.junit.runners.model.FrameworkMethod.invokeExplosively(FrameworkMethod.java:44)
	at org.junit.internal.runners.statements.InvokeMethod.evaluate(InvokeMethod.java:17)
	at org.junit.runners.ParentRunner.runLeaf(ParentRunner.java:271)
	at org.junit.runners.BlockJUnit4ClassRunner.runChild(BlockJUnit4ClassRunner.java:70)
	at org.junit.runners.BlockJUnit4ClassRunner.runChild(BlockJUnit4ClassRunner.java:50)
	at org.junit.runners.ParentRunner$3.run(ParentRunner.java:238)
	at org.junit.runners.ParentRunner$1.schedule(ParentRunner.java:63)
	at org.junit.runners.ParentRunner.runChildren(ParentRunner.java:236)
	at org.junit.runners.ParentRunner.access$000(ParentRunner.java:53)
	at org.junit.runners.ParentRunner$2.evaluate(ParentRunner.java:229)
	at org.junit.runners.ParentRunner.run(ParentRunner.java:309)
	at org.junit.runners.Suite.runChild(Suite.java:127)
	at org.junit.runners.Suite.runChild(Suite.java:26)
	at org.junit.runners.ParentRunner$3.run(ParentRunner.java:238)
	at org.junit.runners.ParentRunner$1.schedule(ParentRunner.java:63)
	at org.junit.runners.ParentRunner.runChildren(ParentRunner.java:236)
	at org.junit.runners.ParentRunner.access$000(ParentRunner.java:53)
	at org.junit.runners.ParentRunner$2.evaluate(ParentRunner.java:229)
	at org.junit.runners.ParentRunner.run(ParentRunner.java:309)
	at org.junit.runner.JUnitCore.run(JUnitCore.java:160)
	at org.junit.runner.JUnitCore.run(JUnitCore.java:138)
	at com.novocode.junit.JUnitRunner$1.execute(JUnitRunner.java:132)
	at sbt.ForkMain$Run.lambda$runTest$1(ForkMain.java:304)
	at java.util.concurrent.FutureTask.run(FutureTask.java:266)
	at java.util.concurrent.ThreadPoolExecutor.runWorker(ThreadPoolExecutor.java:1149)
	at java.util.concurrent.ThreadPoolExecutor$Worker.run(ThreadPoolExecutor.java:624)
	at java.lang.Thread.run(Thread.java:748)
</failure>
                                               </testcase><testcase classname="kvstore.KVStoreSuite" name="Step2-case3: Secondary should drop and immediately ack snapshots with older sequence numbers" time="10.041">
                                                 <failure message="java.lang.AssertionError: assertion failed: timeout (10 seconds) during expectMsgClass waiting for class kvstore.Replica$GetResult" type="sbt.ForkMain$ForkError">sbt.ForkMain$ForkError: java.lang.AssertionError: assertion failed: timeout (10 seconds) during expectMsgClass waiting for class kvstore.Replica$GetResult
	at scala.Predef$.assert(Predef.scala:282)
	at akka.testkit.TestKitBase.expectMsgClass_internal(TestKit.scala:528)
	at akka.testkit.TestKitBase.expectMsgType(TestKit.scala:510)
	at akka.testkit.TestKitBase.expectMsgType$(TestKit.scala:509)
	at akka.testkit.TestKit.expectMsgType(TestKit.scala:928)
	at kvstore.Tools$Session.get(Tools.scala:78)
	at kvstore.Step2_SecondarySpec.Step2$minuscase3$colon$u0020Secondary$u0020should$u0020drop$u0020and$u0020immediately$u0020ack$u0020snapshots$u0020with$u0020older$u0020sequence$u0020numbers(Step2_SecondarySpec.scala:60)
	at kvstore.Step2_SecondarySpec.Step2$minuscase3$colon$u0020Secondary$u0020should$u0020drop$u0020and$u0020immediately$u0020ack$u0020snapshots$u0020with$u0020older$u0020sequence$u0020numbers$(Step2_SecondarySpec.scala:49)
	at kvstore.KVStoreSuite.Step2$minuscase3$colon$u0020Secondary$u0020should$u0020drop$u0020and$u0020immediately$u0020ack$u0020snapshots$u0020with$u0020older$u0020sequence$u0020numbers(KVStoreSuite.scala:5)
	at sun.reflect.NativeMethodAccessorImpl.invoke0(Native Method)
	at sun.reflect.NativeMethodAccessorImpl.invoke(NativeMethodAccessorImpl.java:62)
	at sun.reflect.DelegatingMethodAccessorImpl.invoke(DelegatingMethodAccessorImpl.java:43)
	at java.lang.reflect.Method.invoke(Method.java:498)
	at org.junit.runners.model.FrameworkMethod$1.runReflectiveCall(FrameworkMethod.java:47)
	at org.junit.internal.runners.model.ReflectiveCallable.run(ReflectiveCallable.java:12)
	at org.junit.runners.model.FrameworkMethod.invokeExplosively(FrameworkMethod.java:44)
	at org.junit.internal.runners.statements.InvokeMethod.evaluate(InvokeMethod.java:17)
	at org.junit.runners.ParentRunner.runLeaf(ParentRunner.java:271)
	at org.junit.runners.BlockJUnit4ClassRunner.runChild(BlockJUnit4ClassRunner.java:70)
	at org.junit.runners.BlockJUnit4ClassRunner.runChild(BlockJUnit4ClassRunner.java:50)
	at org.junit.runners.ParentRunner$3.run(ParentRunner.java:238)
	at org.junit.runners.ParentRunner$1.schedule(ParentRunner.java:63)
	at org.junit.runners.ParentRunner.runChildren(ParentRunner.java:236)
	at org.junit.runners.ParentRunner.access$000(ParentRunner.java:53)
	at org.junit.runners.ParentRunner$2.evaluate(ParentRunner.java:229)
	at org.junit.runners.ParentRunner.run(ParentRunner.java:309)
	at org.junit.runners.Suite.runChild(Suite.java:127)
	at org.junit.runners.Suite.runChild(Suite.java:26)
	at org.junit.runners.ParentRunner$3.run(ParentRunner.java:238)
	at org.junit.runners.ParentRunner$1.schedule(ParentRunner.java:63)
	at org.junit.runners.ParentRunner.runChildren(ParentRunner.java:236)
	at org.junit.runners.ParentRunner.access$000(ParentRunner.java:53)
	at org.junit.runners.ParentRunner$2.evaluate(ParentRunner.java:229)
	at org.junit.runners.ParentRunner.run(ParentRunner.java:309)
	at org.junit.runner.JUnitCore.run(JUnitCore.java:160)
	at org.junit.runner.JUnitCore.run(JUnitCore.java:138)
	at com.novocode.junit.JUnitRunner$1.execute(JUnitRunner.java:132)
	at sbt.ForkMain$Run.lambda$runTest$1(ForkMain.java:304)
	at java.util.concurrent.FutureTask.run(FutureTask.java:266)
	at java.util.concurrent.ThreadPoolExecutor.runWorker(ThreadPoolExecutor.java:1149)
	at java.util.concurrent.ThreadPoolExecutor$Worker.run(ThreadPoolExecutor.java:624)
	at java.lang.Thread.run(Thread.java:748)
</failure>
                                               </testcase><testcase classname="kvstore.KVStoreSuite" name="Step5-case3: Primary generates failure after 1 second if persistence fails" time="3.038">
                                                 <failure message="java.lang.AssertionError: assertion failed: timeout (3 seconds) during expectMsgClass waiting for class kvstore.Persistence$Persist" type="sbt.ForkMain$ForkError">sbt.ForkMain$ForkError: java.lang.AssertionError: assertion failed: timeout (3 seconds) during expectMsgClass waiting for class kvstore.Persistence$Persist
	at scala.Predef$.assert(Predef.scala:282)
	at akka.testkit.TestKitBase.expectMsgClass_internal(TestKit.scala:528)
	at akka.testkit.TestKitBase.expectMsgType(TestKit.scala:500)
	at akka.testkit.TestKitBase.expectMsgType$(TestKit.scala:499)
	at akka.testkit.TestKit.expectMsgType(TestKit.scala:928)
	at kvstore.Step5_PrimaryPersistenceSpec.Step5$minuscase3$colon$u0020Primary$u0020generates$u0020failure$u0020after$u00201$u0020second$u0020if$u0020persistence$u0020fails(Step5_PrimaryPersistenceSpec.scala:63)
	at kvstore.Step5_PrimaryPersistenceSpec.Step5$minuscase3$colon$u0020Primary$u0020generates$u0020failure$u0020after$u00201$u0020second$u0020if$u0020persistence$u0020fails$(Step5_PrimaryPersistenceSpec.scala:53)
	at kvstore.KVStoreSuite.Step5$minuscase3$colon$u0020Primary$u0020generates$u0020failure$u0020after$u00201$u0020second$u0020if$u0020persistence$u0020fails(KVStoreSuite.scala:5)
	at sun.reflect.NativeMethodAccessorImpl.invoke0(Native Method)
	at sun.reflect.NativeMethodAccessorImpl.invoke(NativeMethodAccessorImpl.java:62)
	at sun.reflect.DelegatingMethodAccessorImpl.invoke(DelegatingMethodAccessorImpl.java:43)
	at java.lang.reflect.Method.invoke(Method.java:498)
	at org.junit.runners.model.FrameworkMethod$1.runReflectiveCall(FrameworkMethod.java:47)
	at org.junit.internal.runners.model.ReflectiveCallable.run(ReflectiveCallable.java:12)
	at org.junit.runners.model.FrameworkMethod.invokeExplosively(FrameworkMethod.java:44)
	at org.junit.internal.runners.statements.InvokeMethod.evaluate(InvokeMethod.java:17)
	at org.junit.runners.ParentRunner.runLeaf(ParentRunner.java:271)
	at org.junit.runners.BlockJUnit4ClassRunner.runChild(BlockJUnit4ClassRunner.java:70)
	at org.junit.runners.BlockJUnit4ClassRunner.runChild(BlockJUnit4ClassRunner.java:50)
	at org.junit.runners.ParentRunner$3.run(ParentRunner.java:238)
	at org.junit.runners.ParentRunner$1.schedule(ParentRunner.java:63)
	at org.junit.runners.ParentRunner.runChildren(ParentRunner.java:236)
	at org.junit.runners.ParentRunner.access$000(ParentRunner.java:53)
	at org.junit.runners.ParentRunner$2.evaluate(ParentRunner.java:229)
	at org.junit.runners.ParentRunner.run(ParentRunner.java:309)
	at org.junit.runners.Suite.runChild(Suite.java:127)
	at org.junit.runners.Suite.runChild(Suite.java:26)
	at org.junit.runners.ParentRunner$3.run(ParentRunner.java:238)
	at org.junit.runners.ParentRunner$1.schedule(ParentRunner.java:63)
	at org.junit.runners.ParentRunner.runChildren(ParentRunner.java:236)
	at org.junit.runners.ParentRunner.access$000(ParentRunner.java:53)
	at org.junit.runners.ParentRunner$2.evaluate(ParentRunner.java:229)
	at org.junit.runners.ParentRunner.run(ParentRunner.java:309)
	at org.junit.runner.JUnitCore.run(JUnitCore.java:160)
	at org.junit.runner.JUnitCore.run(JUnitCore.java:138)
	at com.novocode.junit.JUnitRunner$1.execute(JUnitRunner.java:132)
	at sbt.ForkMain$Run.lambda$runTest$1(ForkMain.java:304)
	at java.util.concurrent.FutureTask.run(FutureTask.java:266)
	at java.util.concurrent.ThreadPoolExecutor.runWorker(ThreadPoolExecutor.java:1149)
	at java.util.concurrent.ThreadPoolExecutor$Worker.run(ThreadPoolExecutor.java:624)
	at java.lang.Thread.run(Thread.java:748)
</failure>
                                               </testcase><testcase classname="kvstore.KVStoreSuite" name="Integration-case1: Primary and secondaries must work in concert when persistence is unreliable (35pts)" time="10.037">
                                                 <failure message="java.lang.AssertionError: assertion failed: timeout (10 seconds) during expectMsgClass waiting for class kvstore.Replica$GetResult" type="sbt.ForkMain$ForkError">sbt.ForkMain$ForkError: java.lang.AssertionError: assertion failed: timeout (10 seconds) during expectMsgClass waiting for class kvstore.Replica$GetResult
	at scala.Predef$.assert(Predef.scala:282)
	at akka.testkit.TestKitBase.expectMsgClass_internal(TestKit.scala:528)
	at akka.testkit.TestKitBase.expectMsgType(TestKit.scala:510)
	at akka.testkit.TestKitBase.expectMsgType$(TestKit.scala:509)
	at akka.testkit.TestKit.expectMsgType(TestKit.scala:928)
	at kvstore.Tools$Session.get(Tools.scala:78)
	at kvstore.IntegrationSpec.$anonfun$integrate$1(IntegrationSpec.scala:49)
	at scala.runtime.java8.JFunction0$mcV$sp.apply(JFunction0$mcV$sp.scala:18)
	at akka.testkit.TestKitBase.poll$2(TestKit.scala:327)
	at akka.testkit.TestKitBase.awaitAssert(TestKit.scala:344)
	at akka.testkit.TestKitBase.awaitAssert$(TestKit.scala:316)
	at akka.testkit.TestKit.awaitAssert(TestKit.scala:928)
	at kvstore.IntegrationSpec.integrate(IntegrationSpec.scala:48)
	at kvstore.IntegrationSpec.integrate$(IntegrationSpec.scala:27)
	at kvstore.KVStoreSuite.integrate(KVStoreSuite.scala:5)
	at kvstore.IntegrationSpec.Integration$minuscase1$colon$u0020Primary$u0020and$u0020secondaries$u0020must$u0020work$u0020in$u0020concert$u0020when$u0020persistence$u0020is$u0020unreliable$u0020$u002835pts$u0029(IntegrationSpec.scala:16)
	at kvstore.IntegrationSpec.Integration$minuscase1$colon$u0020Primary$u0020and$u0020secondaries$u0020must$u0020work$u0020in$u0020concert$u0020when$u0020persistence$u0020is$u0020unreliable$u0020$u002835pts$u0029$(IntegrationSpec.scala:15)
	at kvstore.KVStoreSuite.Integration$minuscase1$colon$u0020Primary$u0020and$u0020secondaries$u0020must$u0020work$u0020in$u0020concert$u0020when$u0020persistence$u0020is$u0020unreliable$u0020$u002835pts$u0029(KVStoreSuite.scala:5)
	at sun.reflect.NativeMethodAccessorImpl.invoke0(Native Method)
	at sun.reflect.NativeMethodAccessorImpl.invoke(NativeMethodAccessorImpl.java:62)
	at sun.reflect.DelegatingMethodAccessorImpl.invoke(DelegatingMethodAccessorImpl.java:43)
	at java.lang.reflect.Method.invoke(Method.java:498)
	at org.junit.runners.model.FrameworkMethod$1.runReflectiveCall(FrameworkMethod.java:47)
	at org.junit.internal.runners.model.ReflectiveCallable.run(ReflectiveCallable.java:12)
	at org.junit.runners.model.FrameworkMethod.invokeExplosively(FrameworkMethod.java:44)
	at org.junit.internal.runners.statements.InvokeMethod.evaluate(InvokeMethod.java:17)
	at org.junit.runners.ParentRunner.runLeaf(ParentRunner.java:271)
	at org.junit.runners.BlockJUnit4ClassRunner.runChild(BlockJUnit4ClassRunner.java:70)
	at org.junit.runners.BlockJUnit4ClassRunner.runChild(BlockJUnit4ClassRunner.java:50)
	at org.junit.runners.ParentRunner$3.run(ParentRunner.java:238)
	at org.junit.runners.ParentRunner$1.schedule(ParentRunner.java:63)
	at org.junit.runners.ParentRunner.runChildren(ParentRunner.java:236)
	at org.junit.runners.ParentRunner.access$000(ParentRunner.java:53)
	at org.junit.runners.ParentRunner$2.evaluate(ParentRunner.java:229)
	at org.junit.runners.ParentRunner.run(ParentRunner.java:309)
	at org.junit.runners.Suite.runChild(Suite.java:127)
	at org.junit.runners.Suite.runChild(Suite.java:26)
	at org.junit.runners.ParentRunner$3.run(ParentRunner.java:238)
	at org.junit.runners.ParentRunner$1.schedule(ParentRunner.java:63)
	at org.junit.runners.ParentRunner.runChildren(ParentRunner.java:236)
	at org.junit.runners.ParentRunner.access$000(ParentRunner.java:53)
	at org.junit.runners.ParentRunner$2.evaluate(ParentRunner.java:229)
	at org.junit.runners.ParentRunner.run(ParentRunner.java:309)
	at org.junit.runner.JUnitCore.run(JUnitCore.java:160)
	at org.junit.runner.JUnitCore.run(JUnitCore.java:138)
	at com.novocode.junit.JUnitRunner$1.execute(JUnitRunner.java:132)
	at sbt.ForkMain$Run.lambda$runTest$1(ForkMain.java:304)
	at java.util.concurrent.FutureTask.run(FutureTask.java:266)
	at java.util.concurrent.ThreadPoolExecutor.runWorker(ThreadPoolExecutor.java:1149)
	at java.util.concurrent.ThreadPoolExecutor$Worker.run(ThreadPoolExecutor.java:624)
	at java.lang.Thread.run(Thread.java:748)
</failure>
                                               </testcase><testcase classname="kvstore.KVStoreSuite" name="Integration-case2: Primary and secondaries must work in concert when communication to secondaries is unreliable (35pts)" time="10.027">
                                                 <failure message="java.lang.AssertionError: assertion failed: timeout (10 seconds) during expectMsgClass waiting for class kvstore.Replica$GetResult" type="sbt.ForkMain$ForkError">sbt.ForkMain$ForkError: java.lang.AssertionError: assertion failed: timeout (10 seconds) during expectMsgClass waiting for class kvstore.Replica$GetResult
	at scala.Predef$.assert(Predef.scala:282)
	at akka.testkit.TestKitBase.expectMsgClass_internal(TestKit.scala:528)
	at akka.testkit.TestKitBase.expectMsgType(TestKit.scala:510)
	at akka.testkit.TestKitBase.expectMsgType$(TestKit.scala:509)
	at akka.testkit.TestKit.expectMsgType(TestKit.scala:928)
	at kvstore.Tools$Session.get(Tools.scala:78)
	at kvstore.IntegrationSpec.$anonfun$integrate$1(IntegrationSpec.scala:49)
	at scala.runtime.java8.JFunction0$mcV$sp.apply(JFunction0$mcV$sp.scala:18)
	at akka.testkit.TestKitBase.poll$2(TestKit.scala:327)
	at akka.testkit.TestKitBase.awaitAssert(TestKit.scala:344)
	at akka.testkit.TestKitBase.awaitAssert$(TestKit.scala:316)
	at akka.testkit.TestKit.awaitAssert(TestKit.scala:928)
	at kvstore.IntegrationSpec.integrate(IntegrationSpec.scala:48)
	at kvstore.IntegrationSpec.integrate$(IntegrationSpec.scala:27)
	at kvstore.KVStoreSuite.integrate(KVStoreSuite.scala:5)
	at kvstore.IntegrationSpec.Integration$minuscase2$colon$u0020Primary$u0020and$u0020secondaries$u0020must$u0020work$u0020in$u0020concert$u0020when$u0020communication$u0020to$u0020secondaries$u0020is$u0020unreliable$u0020$u002835pts$u0029(IntegrationSpec.scala:20)
	at kvstore.IntegrationSpec.Integration$minuscase2$colon$u0020Primary$u0020and$u0020secondaries$u0020must$u0020work$u0020in$u0020concert$u0020when$u0020communication$u0020to$u0020secondaries$u0020is$u0020unreliable$u0020$u002835pts$u0029$(IntegrationSpec.scala:19)
	at kvstore.KVStoreSuite.Integration$minuscase2$colon$u0020Primary$u0020and$u0020secondaries$u0020must$u0020work$u0020in$u0020concert$u0020when$u0020communication$u0020to$u0020secondaries$u0020is$u0020unreliable$u0020$u002835pts$u0029(KVStoreSuite.scala:5)
	at sun.reflect.NativeMethodAccessorImpl.invoke0(Native Method)
	at sun.reflect.NativeMethodAccessorImpl.invoke(NativeMethodAccessorImpl.java:62)
	at sun.reflect.DelegatingMethodAccessorImpl.invoke(DelegatingMethodAccessorImpl.java:43)
	at java.lang.reflect.Method.invoke(Method.java:498)
	at org.junit.runners.model.FrameworkMethod$1.runReflectiveCall(FrameworkMethod.java:47)
	at org.junit.internal.runners.model.ReflectiveCallable.run(ReflectiveCallable.java:12)
	at org.junit.runners.model.FrameworkMethod.invokeExplosively(FrameworkMethod.java:44)
	at org.junit.internal.runners.statements.InvokeMethod.evaluate(InvokeMethod.java:17)
	at org.junit.runners.ParentRunner.runLeaf(ParentRunner.java:271)
	at org.junit.runners.BlockJUnit4ClassRunner.runChild(BlockJUnit4ClassRunner.java:70)
	at org.junit.runners.BlockJUnit4ClassRunner.runChild(BlockJUnit4ClassRunner.java:50)
	at org.junit.runners.ParentRunner$3.run(ParentRunner.java:238)
	at org.junit.runners.ParentRunner$1.schedule(ParentRunner.java:63)
	at org.junit.runners.ParentRunner.runChildren(ParentRunner.java:236)
	at org.junit.runners.ParentRunner.access$000(ParentRunner.java:53)
	at org.junit.runners.ParentRunner$2.evaluate(ParentRunner.java:229)
	at org.junit.runners.ParentRunner.run(ParentRunner.java:309)
	at org.junit.runners.Suite.runChild(Suite.java:127)
	at org.junit.runners.Suite.runChild(Suite.java:26)
	at org.junit.runners.ParentRunner$3.run(ParentRunner.java:238)
	at org.junit.runners.ParentRunner$1.schedule(ParentRunner.java:63)
	at org.junit.runners.ParentRunner.runChildren(ParentRunner.java:236)
	at org.junit.runners.ParentRunner.access$000(ParentRunner.java:53)
	at org.junit.runners.ParentRunner$2.evaluate(ParentRunner.java:229)
	at org.junit.runners.ParentRunner.run(ParentRunner.java:309)
	at org.junit.runner.JUnitCore.run(JUnitCore.java:160)
	at org.junit.runner.JUnitCore.run(JUnitCore.java:138)
	at com.novocode.junit.JUnitRunner$1.execute(JUnitRunner.java:132)
	at sbt.ForkMain$Run.lambda$runTest$1(ForkMain.java:304)
	at java.util.concurrent.FutureTask.run(FutureTask.java:266)
	at java.util.concurrent.ThreadPoolExecutor.runWorker(ThreadPoolExecutor.java:1149)
	at java.util.concurrent.ThreadPoolExecutor$Worker.run(ThreadPoolExecutor.java:624)
	at java.lang.Thread.run(Thread.java:748)
</failure>
                                               </testcase><testcase classname="kvstore.KVStoreSuite" name="Step6-case1: Primary must start replication to new replicas" time="3.037">
                                                 <failure message="java.lang.AssertionError: assertion failed: timeout (3 seconds) during expectMsg while waiting for Snapshot(k1,Some(v1),0)" type="sbt.ForkMain$ForkError">sbt.ForkMain$ForkError: java.lang.AssertionError: assertion failed: timeout (3 seconds) during expectMsg while waiting for Snapshot(k1,Some(v1),0)
	at scala.Predef$.assert(Predef.scala:282)
	at akka.testkit.TestKitBase.expectMsg_internal(TestKit.scala:418)
	at akka.testkit.TestKitBase.expectMsg(TestKit.scala:395)
	at akka.testkit.TestKitBase.expectMsg$(TestKit.scala:395)
	at akka.testkit.TestKit.expectMsg(TestKit.scala:928)
	at kvstore.Tools.expectAtLeastOneSnapshot(Tools.scala:94)
	at kvstore.Tools.expectAtLeastOneSnapshot$(Tools.scala:93)
	at kvstore.KVStoreSuite.expectAtLeastOneSnapshot(KVStoreSuite.scala:5)
	at kvstore.Step6_NewSecondarySpec.Step6$minuscase1$colon$u0020Primary$u0020must$u0020start$u0020replication$u0020to$u0020new$u0020replicas(Step6_NewSecondarySpec.scala:22)
	at kvstore.Step6_NewSecondarySpec.Step6$minuscase1$colon$u0020Primary$u0020must$u0020start$u0020replication$u0020to$u0020new$u0020replicas$(Step6_NewSecondarySpec.scala:10)
	at kvstore.KVStoreSuite.Step6$minuscase1$colon$u0020Primary$u0020must$u0020start$u0020replication$u0020to$u0020new$u0020replicas(KVStoreSuite.scala:5)
	at sun.reflect.NativeMethodAccessorImpl.invoke0(Native Method)
	at sun.reflect.NativeMethodAccessorImpl.invoke(NativeMethodAccessorImpl.java:62)
	at sun.reflect.DelegatingMethodAccessorImpl.invoke(DelegatingMethodAccessorImpl.java:43)
	at java.lang.reflect.Method.invoke(Method.java:498)
	at org.junit.runners.model.FrameworkMethod$1.runReflectiveCall(FrameworkMethod.java:47)
	at org.junit.internal.runners.model.ReflectiveCallable.run(ReflectiveCallable.java:12)
	at org.junit.runners.model.FrameworkMethod.invokeExplosively(FrameworkMethod.java:44)
	at org.junit.internal.runners.statements.InvokeMethod.evaluate(InvokeMethod.java:17)
	at org.junit.runners.ParentRunner.runLeaf(ParentRunner.java:271)
	at org.junit.runners.BlockJUnit4ClassRunner.runChild(BlockJUnit4ClassRunner.java:70)
	at org.junit.runners.BlockJUnit4ClassRunner.runChild(BlockJUnit4ClassRunner.java:50)
	at org.junit.runners.ParentRunner$3.run(ParentRunner.java:238)
	at org.junit.runners.ParentRunner$1.schedule(ParentRunner.java:63)
	at org.junit.runners.ParentRunner.runChildren(ParentRunner.java:236)
	at org.junit.runners.ParentRunner.access$000(ParentRunner.java:53)
	at org.junit.runners.ParentRunner$2.evaluate(ParentRunner.java:229)
	at org.junit.runners.ParentRunner.run(ParentRunner.java:309)
	at org.junit.runners.Suite.runChild(Suite.java:127)
	at org.junit.runners.Suite.runChild(Suite.java:26)
	at org.junit.runners.ParentRunner$3.run(ParentRunner.java:238)
	at org.junit.runners.ParentRunner$1.schedule(ParentRunner.java:63)
	at org.junit.runners.ParentRunner.runChildren(ParentRunner.java:236)
	at org.junit.runners.ParentRunner.access$000(ParentRunner.java:53)
	at org.junit.runners.ParentRunner$2.evaluate(ParentRunner.java:229)
	at org.junit.runners.ParentRunner.run(ParentRunner.java:309)
	at org.junit.runner.JUnitCore.run(JUnitCore.java:160)
	at org.junit.runner.JUnitCore.run(JUnitCore.java:138)
	at com.novocode.junit.JUnitRunner$1.execute(JUnitRunner.java:132)
	at sbt.ForkMain$Run.lambda$runTest$1(ForkMain.java:304)
	at java.util.concurrent.FutureTask.run(FutureTask.java:266)
	at java.util.concurrent.ThreadPoolExecutor.runWorker(ThreadPoolExecutor.java:1149)
	at java.util.concurrent.ThreadPoolExecutor$Worker.run(ThreadPoolExecutor.java:624)
	at java.lang.Thread.run(Thread.java:748)
</failure>
                                               </testcase><testcase classname="kvstore.KVStoreSuite" name="Step3-case2: Replicator should retry until acknowledged by secondary" time="3.023">
                                                 <failure message="java.lang.AssertionError: assertion failed: timeout (3 seconds) during expectMsg while waiting for Snapshot(k1,Some(v1),0)" type="sbt.ForkMain$ForkError">sbt.ForkMain$ForkError: java.lang.AssertionError: assertion failed: timeout (3 seconds) during expectMsg while waiting for Snapshot(k1,Some(v1),0)
	at scala.Predef$.assert(Predef.scala:282)
	at akka.testkit.TestKitBase.expectMsg_internal(TestKit.scala:418)
	at akka.testkit.TestKitBase.expectMsg(TestKit.scala:395)
	at akka.testkit.TestKitBase.expectMsg$(TestKit.scala:395)
	at akka.testkit.TestKit.expectMsg(TestKit.scala:928)
	at kvstore.Step3_ReplicatorSpec.Step3$minuscase2$colon$u0020Replicator$u0020should$u0020retry$u0020until$u0020acknowledged$u0020by$u0020secondary(Step3_ReplicatorSpec.scala:39)
	at kvstore.Step3_ReplicatorSpec.Step3$minuscase2$colon$u0020Replicator$u0020should$u0020retry$u0020until$u0020acknowledged$u0020by$u0020secondary$(Step3_ReplicatorSpec.scala:33)
	at kvstore.KVStoreSuite.Step3$minuscase2$colon$u0020Replicator$u0020should$u0020retry$u0020until$u0020acknowledged$u0020by$u0020secondary(KVStoreSuite.scala:5)
	at sun.reflect.NativeMethodAccessorImpl.invoke0(Native Method)
	at sun.reflect.NativeMethodAccessorImpl.invoke(NativeMethodAccessorImpl.java:62)
	at sun.reflect.DelegatingMethodAccessorImpl.invoke(DelegatingMethodAccessorImpl.java:43)
	at java.lang.reflect.Method.invoke(Method.java:498)
	at org.junit.runners.model.FrameworkMethod$1.runReflectiveCall(FrameworkMethod.java:47)
	at org.junit.internal.runners.model.ReflectiveCallable.run(ReflectiveCallable.java:12)
	at org.junit.runners.model.FrameworkMethod.invokeExplosively(FrameworkMethod.java:44)
	at org.junit.internal.runners.statements.InvokeMethod.evaluate(InvokeMethod.java:17)
	at org.junit.runners.ParentRunner.runLeaf(ParentRunner.java:271)
	at org.junit.runners.BlockJUnit4ClassRunner.runChild(BlockJUnit4ClassRunner.java:70)
	at org.junit.runners.BlockJUnit4ClassRunner.runChild(BlockJUnit4ClassRunner.java:50)
	at org.junit.runners.ParentRunner$3.run(ParentRunner.java:238)
	at org.junit.runners.ParentRunner$1.schedule(ParentRunner.java:63)
	at org.junit.runners.ParentRunner.runChildren(ParentRunner.java:236)
	at org.junit.runners.ParentRunner.access$000(ParentRunner.java:53)
	at org.junit.runners.ParentRunner$2.evaluate(ParentRunner.java:229)
	at org.junit.runners.ParentRunner.run(ParentRunner.java:309)
	at org.junit.runners.Suite.runChild(Suite.java:127)
	at org.junit.runners.Suite.runChild(Suite.java:26)
	at org.junit.runners.ParentRunner$3.run(ParentRunner.java:238)
	at org.junit.runners.ParentRunner$1.schedule(ParentRunner.java:63)
	at org.junit.runners.ParentRunner.runChildren(ParentRunner.java:236)
	at org.junit.runners.ParentRunner.access$000(ParentRunner.java:53)
	at org.junit.runners.ParentRunner$2.evaluate(ParentRunner.java:229)
	at org.junit.runners.ParentRunner.run(ParentRunner.java:309)
	at org.junit.runner.JUnitCore.run(JUnitCore.java:160)
	at org.junit.runner.JUnitCore.run(JUnitCore.java:138)
	at com.novocode.junit.JUnitRunner$1.execute(JUnitRunner.java:132)
	at sbt.ForkMain$Run.lambda$runTest$1(ForkMain.java:304)
	at java.util.concurrent.FutureTask.run(FutureTask.java:266)
	at java.util.concurrent.ThreadPoolExecutor.runWorker(ThreadPoolExecutor.java:1149)
	at java.util.concurrent.ThreadPoolExecutor$Worker.run(ThreadPoolExecutor.java:624)
	at java.lang.Thread.run(Thread.java:748)
</failure>
                                               </testcase><testcase classname="kvstore.KVStoreSuite" name="Step6-case2: Primary must stop replication to removed replicas and stop Replicator" time="3.046">
                                                 <failure message="java.lang.AssertionError: assertion failed: timeout (3 seconds) during expectMsg while waiting for Snapshot(k1,Some(v1),0)" type="sbt.ForkMain$ForkError">sbt.ForkMain$ForkError: java.lang.AssertionError: assertion failed: timeout (3 seconds) during expectMsg while waiting for Snapshot(k1,Some(v1),0)
	at scala.Predef$.assert(Predef.scala:282)
	at akka.testkit.TestKitBase.expectMsg_internal(TestKit.scala:418)
	at akka.testkit.TestKitBase.expectMsg(TestKit.scala:395)
	at akka.testkit.TestKitBase.expectMsg$(TestKit.scala:395)
	at akka.testkit.TestKit.expectMsg(TestKit.scala:928)
	at kvstore.Step6_NewSecondarySpec.Step6$minuscase2$colon$u0020Primary$u0020must$u0020stop$u0020replication$u0020to$u0020removed$u0020replicas$u0020and$u0020stop$u0020Replicator(Step6_NewSecondarySpec.scala:45)
	at kvstore.Step6_NewSecondarySpec.Step6$minuscase2$colon$u0020Primary$u0020must$u0020stop$u0020replication$u0020to$u0020removed$u0020replicas$u0020and$u0020stop$u0020Replicator$(Step6_NewSecondarySpec.scala:33)
	at kvstore.KVStoreSuite.Step6$minuscase2$colon$u0020Primary$u0020must$u0020stop$u0020replication$u0020to$u0020removed$u0020replicas$u0020and$u0020stop$u0020Replicator(KVStoreSuite.scala:5)
	at sun.reflect.NativeMethodAccessorImpl.invoke0(Native Method)
	at sun.reflect.NativeMethodAccessorImpl.invoke(NativeMethodAccessorImpl.java:62)
	at sun.reflect.DelegatingMethodAccessorImpl.invoke(DelegatingMethodAccessorImpl.java:43)
	at java.lang.reflect.Method.invoke(Method.java:498)
	at org.junit.runners.model.FrameworkMethod$1.runReflectiveCall(FrameworkMethod.java:47)
	at org.junit.internal.runners.model.ReflectiveCallable.run(ReflectiveCallable.java:12)
	at org.junit.runners.model.FrameworkMethod.invokeExplosively(FrameworkMethod.java:44)
	at org.junit.internal.runners.statements.InvokeMethod.evaluate(InvokeMethod.java:17)
	at org.junit.runners.ParentRunner.runLeaf(ParentRunner.java:271)
	at org.junit.runners.BlockJUnit4ClassRunner.runChild(BlockJUnit4ClassRunner.java:70)
	at org.junit.runners.BlockJUnit4ClassRunner.runChild(BlockJUnit4ClassRunner.java:50)
	at org.junit.runners.ParentRunner$3.run(ParentRunner.java:238)
	at org.junit.runners.ParentRunner$1.schedule(ParentRunner.java:63)
	at org.junit.runners.ParentRunner.runChildren(ParentRunner.java:236)
	at org.junit.runners.ParentRunner.access$000(ParentRunner.java:53)
	at org.junit.runners.ParentRunner$2.evaluate(ParentRunner.java:229)
	at org.junit.runners.ParentRunner.run(ParentRunner.java:309)
	at org.junit.runners.Suite.runChild(Suite.java:127)
	at org.junit.runners.Suite.runChild(Suite.java:26)
	at org.junit.runners.ParentRunner$3.run(ParentRunner.java:238)
	at org.junit.runners.ParentRunner$1.schedule(ParentRunner.java:63)
	at org.junit.runners.ParentRunner.runChildren(ParentRunner.java:236)
	at org.junit.runners.ParentRunner.access$000(ParentRunner.java:53)
	at org.junit.runners.ParentRunner$2.evaluate(ParentRunner.java:229)
	at org.junit.runners.ParentRunner.run(ParentRunner.java:309)
	at org.junit.runner.JUnitCore.run(JUnitCore.java:160)
	at org.junit.runner.JUnitCore.run(JUnitCore.java:138)
	at com.novocode.junit.JUnitRunner$1.execute(JUnitRunner.java:132)
	at sbt.ForkMain$Run.lambda$runTest$1(ForkMain.java:304)
	at java.util.concurrent.FutureTask.run(FutureTask.java:266)
	at java.util.concurrent.ThreadPoolExecutor.runWorker(ThreadPoolExecutor.java:1149)
	at java.util.concurrent.ThreadPoolExecutor$Worker.run(ThreadPoolExecutor.java:624)
	at java.lang.Thread.run(Thread.java:748)
</failure>
                                               </testcase><testcase classname="kvstore.KVStoreSuite" name="Step2-case2: Secondary (in isolation) must handle Snapshots" time="10.035">
                                                 <failure message="java.lang.AssertionError: assertion failed: timeout (10 seconds) during expectMsgClass waiting for class kvstore.Replica$GetResult" type="sbt.ForkMain$ForkError">sbt.ForkMain$ForkError: java.lang.AssertionError: assertion failed: timeout (10 seconds) during expectMsgClass waiting for class kvstore.Replica$GetResult
	at scala.Predef$.assert(Predef.scala:282)
	at akka.testkit.TestKitBase.expectMsgClass_internal(TestKit.scala:528)
	at akka.testkit.TestKitBase.expectMsgType(TestKit.scala:510)
	at akka.testkit.TestKitBase.expectMsgType$(TestKit.scala:509)
	at akka.testkit.TestKit.expectMsgType(TestKit.scala:928)
	at kvstore.Tools$Session.get(Tools.scala:78)
	at kvstore.Step2_SecondarySpec.Step2$minuscase2$colon$u0020Secondary$u0020$u0028in$u0020isolation$u0029$u0020must$u0020handle$u0020Snapshots(Step2_SecondarySpec.scala:34)
	at kvstore.Step2_SecondarySpec.Step2$minuscase2$colon$u0020Secondary$u0020$u0028in$u0020isolation$u0029$u0020must$u0020handle$u0020Snapshots$(Step2_SecondarySpec.scala:23)
	at kvstore.KVStoreSuite.Step2$minuscase2$colon$u0020Secondary$u0020$u0028in$u0020isolation$u0029$u0020must$u0020handle$u0020Snapshots(KVStoreSuite.scala:5)
	at sun.reflect.NativeMethodAccessorImpl.invoke0(Native Method)
	at sun.reflect.NativeMethodAccessorImpl.invoke(NativeMethodAccessorImpl.java:62)
	at sun.reflect.DelegatingMethodAccessorImpl.invoke(DelegatingMethodAccessorImpl.java:43)
	at java.lang.reflect.Method.invoke(Method.java:498)
	at org.junit.runners.model.FrameworkMethod$1.runReflectiveCall(FrameworkMethod.java:47)
	at org.junit.internal.runners.model.ReflectiveCallable.run(ReflectiveCallable.java:12)
	at org.junit.runners.model.FrameworkMethod.invokeExplosively(FrameworkMethod.java:44)
	at org.junit.internal.runners.statements.InvokeMethod.evaluate(InvokeMethod.java:17)
	at org.junit.runners.ParentRunner.runLeaf(ParentRunner.java:271)
	at org.junit.runners.BlockJUnit4ClassRunner.runChild(BlockJUnit4ClassRunner.java:70)
	at org.junit.runners.BlockJUnit4ClassRunner.runChild(BlockJUnit4ClassRunner.java:50)
	at org.junit.runners.ParentRunner$3.run(ParentRunner.java:238)
	at org.junit.runners.ParentRunner$1.schedule(ParentRunner.java:63)
	at org.junit.runners.ParentRunner.runChildren(ParentRunner.java:236)
	at org.junit.runners.ParentRunner.access$000(ParentRunner.java:53)
	at org.junit.runners.ParentRunner$2.evaluate(ParentRunner.java:229)
	at org.junit.runners.ParentRunner.run(ParentRunner.java:309)
	at org.junit.runners.Suite.runChild(Suite.java:127)
	at org.junit.runners.Suite.runChild(Suite.java:26)
	at org.junit.runners.ParentRunner$3.run(ParentRunner.java:238)
	at org.junit.runners.ParentRunner$1.schedule(ParentRunner.java:63)
	at org.junit.runners.ParentRunner.runChildren(ParentRunner.java:236)
	at org.junit.runners.ParentRunner.access$000(ParentRunner.java:53)
	at org.junit.runners.ParentRunner$2.evaluate(ParentRunner.java:229)
	at org.junit.runners.ParentRunner.run(ParentRunner.java:309)
	at org.junit.runner.JUnitCore.run(JUnitCore.java:160)
	at org.junit.runner.JUnitCore.run(JUnitCore.java:138)
	at com.novocode.junit.JUnitRunner$1.execute(JUnitRunner.java:132)
	at sbt.ForkMain$Run.lambda$runTest$1(ForkMain.java:304)
	at java.util.concurrent.FutureTask.run(FutureTask.java:266)
	at java.util.concurrent.ThreadPoolExecutor.runWorker(ThreadPoolExecutor.java:1149)
	at java.util.concurrent.ThreadPoolExecutor$Worker.run(ThreadPoolExecutor.java:624)
	at java.lang.Thread.run(Thread.java:748)
</failure>
                                               </testcase><testcase classname="kvstore.KVStoreSuite" name="Step5-case4: Primary generates failure after 1 second if global acknowledgement fails" time="0.238">
                                                 <failure message="java.lang.AssertionError: assertion failed: timeout (200 milliseconds) during expectMsgClass waiting for class kvstore.Replicator$Snapshot" type="sbt.ForkMain$ForkError">sbt.ForkMain$ForkError: java.lang.AssertionError: assertion failed: timeout (200 milliseconds) during expectMsgClass waiting for class kvstore.Replicator$Snapshot
	at scala.Predef$.assert(Predef.scala:282)
	at akka.testkit.TestKitBase.expectMsgClass_internal(TestKit.scala:528)
	at akka.testkit.TestKitBase.expectMsgType(TestKit.scala:510)
	at akka.testkit.TestKitBase.expectMsgType$(TestKit.scala:509)
	at akka.testkit.TestKit.expectMsgType(TestKit.scala:928)
	at kvstore.Step5_PrimaryPersistenceSpec.$anonfun$Step5$minuscase4$colon$u0020Primary$u0020generates$u0020failure$u0020after$u00201$u0020second$u0020if$u0020global$u0020acknowledgement$u0020fails$1(Step5_PrimaryPersistenceSpec.scala:80)
	at scala.runtime.java8.JFunction0$mcV$sp.apply(JFunction0$mcV$sp.scala:18)
	at akka.testkit.TestKitBase.within(TestKit.scala:375)
	at akka.testkit.TestKitBase.within$(TestKit.scala:363)
	at akka.testkit.TestKit.within(TestKit.scala:928)
	at kvstore.Step5_PrimaryPersistenceSpec.Step5$minuscase4$colon$u0020Primary$u0020generates$u0020failure$u0020after$u00201$u0020second$u0020if$u0020global$u0020acknowledgement$u0020fails(Step5_PrimaryPersistenceSpec.scala:78)
	at kvstore.Step5_PrimaryPersistenceSpec.Step5$minuscase4$colon$u0020Primary$u0020generates$u0020failure$u0020after$u00201$u0020second$u0020if$u0020global$u0020acknowledgement$u0020fails$(Step5_PrimaryPersistenceSpec.scala:68)
	at kvstore.KVStoreSuite.Step5$minuscase4$colon$u0020Primary$u0020generates$u0020failure$u0020after$u00201$u0020second$u0020if$u0020global$u0020acknowledgement$u0020fails(KVStoreSuite.scala:5)
	at sun.reflect.NativeMethodAccessorImpl.invoke0(Native Method)
	at sun.reflect.NativeMethodAccessorImpl.invoke(NativeMethodAccessorImpl.java:62)
	at sun.reflect.DelegatingMethodAccessorImpl.invoke(DelegatingMethodAccessorImpl.java:43)
	at java.lang.reflect.Method.invoke(Method.java:498)
	at org.junit.runners.model.FrameworkMethod$1.runReflectiveCall(FrameworkMethod.java:47)
	at org.junit.internal.runners.model.ReflectiveCallable.run(ReflectiveCallable.java:12)
	at org.junit.runners.model.FrameworkMethod.invokeExplosively(FrameworkMethod.java:44)
	at org.junit.internal.runners.statements.InvokeMethod.evaluate(InvokeMethod.java:17)
	at org.junit.runners.ParentRunner.runLeaf(ParentRunner.java:271)
	at org.junit.runners.BlockJUnit4ClassRunner.runChild(BlockJUnit4ClassRunner.java:70)
	at org.junit.runners.BlockJUnit4ClassRunner.runChild(BlockJUnit4ClassRunner.java:50)
	at org.junit.runners.ParentRunner$3.run(ParentRunner.java:238)
	at org.junit.runners.ParentRunner$1.schedule(ParentRunner.java:63)
	at org.junit.runners.ParentRunner.runChildren(ParentRunner.java:236)
	at org.junit.runners.ParentRunner.access$000(ParentRunner.java:53)
	at org.junit.runners.ParentRunner$2.evaluate(ParentRunner.java:229)
	at org.junit.runners.ParentRunner.run(ParentRunner.java:309)
	at org.junit.runners.Suite.runChild(Suite.java:127)
	at org.junit.runners.Suite.runChild(Suite.java:26)
	at org.junit.runners.ParentRunner$3.run(ParentRunner.java:238)
	at org.junit.runners.ParentRunner$1.schedule(ParentRunner.java:63)
	at org.junit.runners.ParentRunner.runChildren(ParentRunner.java:236)
	at org.junit.runners.ParentRunner.access$000(ParentRunner.java:53)
	at org.junit.runners.ParentRunner$2.evaluate(ParentRunner.java:229)
	at org.junit.runners.ParentRunner.run(ParentRunner.java:309)
	at org.junit.runner.JUnitCore.run(JUnitCore.java:160)
	at org.junit.runner.JUnitCore.run(JUnitCore.java:138)
	at com.novocode.junit.JUnitRunner$1.execute(JUnitRunner.java:132)
	at sbt.ForkMain$Run.lambda$runTest$1(ForkMain.java:304)
	at java.util.concurrent.FutureTask.run(FutureTask.java:266)
	at java.util.concurrent.ThreadPoolExecutor.runWorker(ThreadPoolExecutor.java:1149)
	at java.util.concurrent.ThreadPoolExecutor$Worker.run(ThreadPoolExecutor.java:624)
	at java.lang.Thread.run(Thread.java:748)
</failure>
                                               </testcase><testcase classname="kvstore.KVStoreSuite" name="Step5-case1: Primary does not acknowledge updates which have not been persisted" time="3.039">
                                                 <failure message="java.lang.AssertionError: assertion failed: timeout (3 seconds) during expectMsg: " type="sbt.ForkMain$ForkError">sbt.ForkMain$ForkError: java.lang.AssertionError: assertion failed: timeout (3 seconds) during expectMsg: 
	at scala.Predef$.assert(Predef.scala:282)
	at akka.testkit.TestKitBase.expectMsgPF(TestKit.scala:436)
	at akka.testkit.TestKitBase.expectMsgPF$(TestKit.scala:433)
	at akka.testkit.TestKit.expectMsgPF(TestKit.scala:928)
	at kvstore.Step5_PrimaryPersistenceSpec.Step5$minuscase1$colon$u0020Primary$u0020does$u0020not$u0020acknowledge$u0020updates$u0020which$u0020have$u0020not$u0020been$u0020persisted(Step5_PrimaryPersistenceSpec.scala:22)
	at kvstore.Step5_PrimaryPersistenceSpec.Step5$minuscase1$colon$u0020Primary$u0020does$u0020not$u0020acknowledge$u0020updates$u0020which$u0020have$u0020not$u0020been$u0020persisted$(Step5_PrimaryPersistenceSpec.scala:12)
	at kvstore.KVStoreSuite.Step5$minuscase1$colon$u0020Primary$u0020does$u0020not$u0020acknowledge$u0020updates$u0020which$u0020have$u0020not$u0020been$u0020persisted(KVStoreSuite.scala:5)
	at sun.reflect.NativeMethodAccessorImpl.invoke0(Native Method)
	at sun.reflect.NativeMethodAccessorImpl.invoke(NativeMethodAccessorImpl.java:62)
	at sun.reflect.DelegatingMethodAccessorImpl.invoke(DelegatingMethodAccessorImpl.java:43)
	at java.lang.reflect.Method.invoke(Method.java:498)
	at org.junit.runners.model.FrameworkMethod$1.runReflectiveCall(FrameworkMethod.java:47)
	at org.junit.internal.runners.model.ReflectiveCallable.run(ReflectiveCallable.java:12)
	at org.junit.runners.model.FrameworkMethod.invokeExplosively(FrameworkMethod.java:44)
	at org.junit.internal.runners.statements.InvokeMethod.evaluate(InvokeMethod.java:17)
	at org.junit.runners.ParentRunner.runLeaf(ParentRunner.java:271)
	at org.junit.runners.BlockJUnit4ClassRunner.runChild(BlockJUnit4ClassRunner.java:70)
	at org.junit.runners.BlockJUnit4ClassRunner.runChild(BlockJUnit4ClassRunner.java:50)
	at org.junit.runners.ParentRunner$3.run(ParentRunner.java:238)
	at org.junit.runners.ParentRunner$1.schedule(ParentRunner.java:63)
	at org.junit.runners.ParentRunner.runChildren(ParentRunner.java:236)
	at org.junit.runners.ParentRunner.access$000(ParentRunner.java:53)
	at org.junit.runners.ParentRunner$2.evaluate(ParentRunner.java:229)
	at org.junit.runners.ParentRunner.run(ParentRunner.java:309)
	at org.junit.runners.Suite.runChild(Suite.java:127)
	at org.junit.runners.Suite.runChild(Suite.java:26)
	at org.junit.runners.ParentRunner$3.run(ParentRunner.java:238)
	at org.junit.runners.ParentRunner$1.schedule(ParentRunner.java:63)
	at org.junit.runners.ParentRunner.runChildren(ParentRunner.java:236)
	at org.junit.runners.ParentRunner.access$000(ParentRunner.java:53)
	at org.junit.runners.ParentRunner$2.evaluate(ParentRunner.java:229)
	at org.junit.runners.ParentRunner.run(ParentRunner.java:309)
	at org.junit.runner.JUnitCore.run(JUnitCore.java:160)
	at org.junit.runner.JUnitCore.run(JUnitCore.java:138)
	at com.novocode.junit.JUnitRunner$1.execute(JUnitRunner.java:132)
	at sbt.ForkMain$Run.lambda$runTest$1(ForkMain.java:304)
	at java.util.concurrent.FutureTask.run(FutureTask.java:266)
	at java.util.concurrent.ThreadPoolExecutor.runWorker(ThreadPoolExecutor.java:1149)
	at java.util.concurrent.ThreadPoolExecutor$Worker.run(ThreadPoolExecutor.java:624)
	at java.lang.Thread.run(Thread.java:748)
</failure>
                                               </testcase>
                     <system-out><![CDATA[]]></system-out>
                     <system-err><![CDATA[]]></system-err>
                   </testsuite>